#0 building with "default" instance using docker driver

#1 [internal] load build definition from Dockerfile
#1 transferring dockerfile: 790B done
#1 DONE 0.0s

#2 [internal] load metadata for docker.io/library/eclipse-temurin:8-jdk-jammy
#2 DONE 0.6s

#3 [internal] load .dockerignore
#3 transferring context: 2B done
#3 DONE 0.0s

#4 [1/3] FROM docker.io/library/eclipse-temurin:8-jdk-jammy@sha256:d852f567085d2e50c12526fccd4c51b6503eb9f82b2c521b6c6053339f951abd
#4 DONE 0.0s

#5 [2/3] RUN mkdir -p /usr/share/maven    && curl -fsSL https://dlcdn.apache.org/maven/maven-3/3.8.8/binaries/apache-maven-3.8.8-bin.tar.gz    | tar -xzC /usr/share/maven --strip-components=1    && ln -s /usr/share/maven/bin/mvn /usr/bin/mvn
#5 CACHED

#6 [3/3] WORKDIR /app
#6 CACHED

#7 exporting to image
#7 exporting layers done
#7 writing image sha256:4c34227c0cdf990e52b7bdb3227e6d12bd3386410f2a77b4e50378b96d26c06c done
#7 naming to docker.io/library/java-setup-8 done
#7 DONE 0.0s

 [33m3 warnings found (use docker --debug to expand):
[0m - LegacyKeyValueFormat: "ENV key=value" should be used instead of legacy "ENV key value" format (line 7)
 - LegacyKeyValueFormat: "ENV key=value" should be used instead of legacy "ENV key value" format (line 5)
 - LegacyKeyValueFormat: "ENV key=value" should be used instead of legacy "ENV key value" format (line 6)
Exception in thread "Thread-1037" org.openqa.selenium.WebDriverException: I don't want to quit
Build info: version: '4.0.0-alpha-4', revision: 'c2d955b49e'
System info: host: 'pop-os', ip: '150.165.75.99', os.name: 'Linux', os.arch: 'amd64', os.version: '6.12.10-76061203-generic', java.version: '1.8.0_452'
Driver info: driver.version: ThreadLocalSingleWebDriverPoolTest$BrokenFakeWebDriver
	at ru.stqa.selenium.factory.ThreadLocalSingleWebDriverPoolTest$BrokenFakeWebDriver.quit(ThreadLocalSingleWebDriverPoolTest.java:223)
	at ru.stqa.selenium.factory.ThreadLocalSingleWebDriverPool.dismissAll(ThreadLocalSingleWebDriverPool.java:105)
	at java.lang.Thread.run(Thread.java:750)
Exception in thread "Thread-14" org.openqa.selenium.WebDriverException: I don't want to quit
Build info: version: '4.0.0-alpha-4', revision: 'c2d955b49e'
System info: host: 'pop-os', ip: '150.165.75.99', os.name: 'Linux', os.arch: 'amd64', os.version: '6.12.10-76061203-generic', java.version: '1.8.0_452'
Driver info: driver.version: SingleWebDriverPoolTest$BrokenFakeWebDriver
	at ru.stqa.selenium.factory.SingleWebDriverPoolTest$BrokenFakeWebDriver.quit(SingleWebDriverPoolTest.java:120)
	at ru.stqa.selenium.factory.SingleWebDriverPool.dismissDriver(SingleWebDriverPool.java:83)
	at ru.stqa.selenium.factory.SingleWebDriverPool.dismissAll(SingleWebDriverPool.java:66)
	at java.lang.Thread.run(Thread.java:750)
Error executing command: Error: Command failed: /media/lsi/HDD/safer/safer-reproduction-kit/safer/src/runners/maven/run-maven-build.sh false /media/lsi/HDD/safer/safer-reproduction-kit/workstation/maven/barancev_webdriver-factory false
    at __node_internal_genericNodeError (node:internal/errors:865:15)
    at checkExecSyncError (node:child_process:890:11)
    at execSync (node:child_process:962:15)
    at execCommand (/media/lsi/HDD/safer/safer-reproduction-kit/safer/src/utils/execCommand.ts:7:5)
    at Object.runMavenBuild (/media/lsi/HDD/safer/safer-reproduction-kit/safer/src/runners/maven/maven-runner.ts:14:5)
    at runForMaven (/media/lsi/HDD/safer/safer-reproduction-kit/safer/src/runners/maven/script.ts:37:21)
    at process.processTicksAndRejections (node:internal/process/task_queues:95:5)
    at main (/media/lsi/HDD/safer/safer-reproduction-kit/safer/src/script.ts:101:5) {
  status: 1,
  signal: null,
  output: [ null, null, null ],
  pid: 1430308,
  stdout: null,
  stderr: null
}
Error executing command: Error: Command failed: /media/lsi/HDD/safer/safer-reproduction-kit/safer/src/runners/maven/run-maven-build.sh true /media/lsi/HDD/safer/safer-reproduction-kit/workstation/maven/barancev_webdriver-factory false
    at __node_internal_genericNodeError (node:internal/errors:865:15)
    at checkExecSyncError (node:child_process:890:11)
    at execSync (node:child_process:962:15)
    at execCommand (/media/lsi/HDD/safer/safer-reproduction-kit/safer/src/utils/execCommand.ts:7:5)
    at Object.runMavenBuild (/media/lsi/HDD/safer/safer-reproduction-kit/safer/src/runners/maven/maven-runner.ts:14:5)
    at updateDependenciesInPom (/media/lsi/HDD/safer/safer-reproduction-kit/safer/src/runners/maven/script.ts:119:21)
    at runForMaven (/media/lsi/HDD/safer/safer-reproduction-kit/safer/src/runners/maven/script.ts:73:31)
    at process.processTicksAndRejections (node:internal/process/task_queues:95:5)
    at main (/media/lsi/HDD/safer/safer-reproduction-kit/safer/src/script.ts:101:5) {
  status: 1,
  signal: null,
  output: [ null, null, null ],
  pid: 1435788,
  stdout: null,
  stderr: null
}
Error executing command: Error: Command failed: /media/lsi/HDD/safer/safer-reproduction-kit/safer/src/runners/maven/run-maven-build.sh true /media/lsi/HDD/safer/safer-reproduction-kit/workstation/maven/barancev_webdriver-factory false
    at __node_internal_genericNodeError (node:internal/errors:865:15)
    at checkExecSyncError (node:child_process:890:11)
    at execSync (node:child_process:962:15)
    at execCommand (/media/lsi/HDD/safer/safer-reproduction-kit/safer/src/utils/execCommand.ts:7:5)
    at Object.runMavenBuild (/media/lsi/HDD/safer/safer-reproduction-kit/safer/src/runners/maven/maven-runner.ts:14:5)
    at updateDependenciesInPom (/media/lsi/HDD/safer/safer-reproduction-kit/safer/src/runners/maven/script.ts:119:21)
    at runForMaven (/media/lsi/HDD/safer/safer-reproduction-kit/safer/src/runners/maven/script.ts:73:31)
    at process.processTicksAndRejections (node:internal/process/task_queues:95:5)
    at main (/media/lsi/HDD/safer/safer-reproduction-kit/safer/src/script.ts:101:5) {
  status: 1,
  signal: null,
  output: [ null, null, null ],
  pid: 1436493,
  stdout: null,
  stderr: null
}
Error executing command: Error: Command failed: /media/lsi/HDD/safer/safer-reproduction-kit/safer/src/runners/maven/run-maven-build.sh true /media/lsi/HDD/safer/safer-reproduction-kit/workstation/maven/barancev_webdriver-factory false
    at __node_internal_genericNodeError (node:internal/errors:865:15)
    at checkExecSyncError (node:child_process:890:11)
    at execSync (node:child_process:962:15)
    at execCommand (/media/lsi/HDD/safer/safer-reproduction-kit/safer/src/utils/execCommand.ts:7:5)
    at Object.runMavenBuild (/media/lsi/HDD/safer/safer-reproduction-kit/safer/src/runners/maven/maven-runner.ts:14:5)
    at updateDependenciesInPom (/media/lsi/HDD/safer/safer-reproduction-kit/safer/src/runners/maven/script.ts:119:21)
    at runForMaven (/media/lsi/HDD/safer/safer-reproduction-kit/safer/src/runners/maven/script.ts:73:31)
    at process.processTicksAndRejections (node:internal/process/task_queues:95:5)
    at main (/media/lsi/HDD/safer/safer-reproduction-kit/safer/src/script.ts:101:5) {
  status: 1,
  signal: null,
  output: [ null, null, null ],
  pid: 1436961,
  stdout: null,
  stderr: null
}
Error executing command: Error: Command failed: /media/lsi/HDD/safer/safer-reproduction-kit/safer/src/runners/maven/run-maven-build.sh true /media/lsi/HDD/safer/safer-reproduction-kit/workstation/maven/barancev_webdriver-factory false
    at __node_internal_genericNodeError (node:internal/errors:865:15)
    at checkExecSyncError (node:child_process:890:11)
    at execSync (node:child_process:962:15)
    at execCommand (/media/lsi/HDD/safer/safer-reproduction-kit/safer/src/utils/execCommand.ts:7:5)
    at Object.runMavenBuild (/media/lsi/HDD/safer/safer-reproduction-kit/safer/src/runners/maven/maven-runner.ts:14:5)
    at updateDependenciesInPom (/media/lsi/HDD/safer/safer-reproduction-kit/safer/src/runners/maven/script.ts:119:21)
    at runForMaven (/media/lsi/HDD/safer/safer-reproduction-kit/safer/src/runners/maven/script.ts:73:31)
    at process.processTicksAndRejections (node:internal/process/task_queues:95:5)
    at main (/media/lsi/HDD/safer/safer-reproduction-kit/safer/src/script.ts:101:5) {
  status: 1,
  signal: null,
  output: [ null, null, null ],
  pid: 1437467,
  stdout: null,
  stderr: null
}
Error executing command: Error: Command failed: /media/lsi/HDD/safer/safer-reproduction-kit/safer/src/runners/maven/run-maven-build.sh true /media/lsi/HDD/safer/safer-reproduction-kit/workstation/maven/barancev_webdriver-factory false
    at __node_internal_genericNodeError (node:internal/errors:865:15)
    at checkExecSyncError (node:child_process:890:11)
    at execSync (node:child_process:962:15)
    at execCommand (/media/lsi/HDD/safer/safer-reproduction-kit/safer/src/utils/execCommand.ts:7:5)
    at Object.runMavenBuild (/media/lsi/HDD/safer/safer-reproduction-kit/safer/src/runners/maven/maven-runner.ts:14:5)
    at updateDependenciesInPom (/media/lsi/HDD/safer/safer-reproduction-kit/safer/src/runners/maven/script.ts:119:21)
    at runForMaven (/media/lsi/HDD/safer/safer-reproduction-kit/safer/src/runners/maven/script.ts:73:31)
    at process.processTicksAndRejections (node:internal/process/task_queues:95:5)
    at main (/media/lsi/HDD/safer/safer-reproduction-kit/safer/src/script.ts:101:5) {
  status: 1,
  signal: null,
  output: [ null, null, null ],
  pid: 1438073,
  stdout: null,
  stderr: null
}
Error executing command: Error: Command failed: /media/lsi/HDD/safer/safer-reproduction-kit/safer/src/runners/maven/run-maven-build.sh true /media/lsi/HDD/safer/safer-reproduction-kit/workstation/maven/barancev_webdriver-factory false
    at __node_internal_genericNodeError (node:internal/errors:865:15)
    at checkExecSyncError (node:child_process:890:11)
    at execSync (node:child_process:962:15)
    at execCommand (/media/lsi/HDD/safer/safer-reproduction-kit/safer/src/utils/execCommand.ts:7:5)
    at Object.runMavenBuild (/media/lsi/HDD/safer/safer-reproduction-kit/safer/src/runners/maven/maven-runner.ts:14:5)
    at updateDependenciesInPom (/media/lsi/HDD/safer/safer-reproduction-kit/safer/src/runners/maven/script.ts:119:21)
    at runForMaven (/media/lsi/HDD/safer/safer-reproduction-kit/safer/src/runners/maven/script.ts:73:31)
    at process.processTicksAndRejections (node:internal/process/task_queues:95:5)
    at main (/media/lsi/HDD/safer/safer-reproduction-kit/safer/src/script.ts:101:5) {
  status: 1,
  signal: null,
  output: [ null, null, null ],
  pid: 1438593,
  stdout: null,
  stderr: null
}
Error executing command: Error: Command failed: /media/lsi/HDD/safer/safer-reproduction-kit/safer/src/runners/maven/run-maven-build.sh true /media/lsi/HDD/safer/safer-reproduction-kit/workstation/maven/barancev_webdriver-factory false
    at __node_internal_genericNodeError (node:internal/errors:865:15)
    at checkExecSyncError (node:child_process:890:11)
    at execSync (node:child_process:962:15)
    at execCommand (/media/lsi/HDD/safer/safer-reproduction-kit/safer/src/utils/execCommand.ts:7:5)
    at Object.runMavenBuild (/media/lsi/HDD/safer/safer-reproduction-kit/safer/src/runners/maven/maven-runner.ts:14:5)
    at updateDependenciesInPom (/media/lsi/HDD/safer/safer-reproduction-kit/safer/src/runners/maven/script.ts:119:21)
    at runForMaven (/media/lsi/HDD/safer/safer-reproduction-kit/safer/src/runners/maven/script.ts:73:31)
    at process.processTicksAndRejections (node:internal/process/task_queues:95:5)
    at main (/media/lsi/HDD/safer/safer-reproduction-kit/safer/src/script.ts:101:5) {
  status: 1,
  signal: null,
  output: [ null, null, null ],
  pid: 1439304,
  stdout: null,
  stderr: null
}
Error executing command: Error: Command failed: /media/lsi/HDD/safer/safer-reproduction-kit/safer/src/runners/maven/run-maven-build.sh true /media/lsi/HDD/safer/safer-reproduction-kit/workstation/maven/barancev_webdriver-factory false
    at __node_internal_genericNodeError (node:internal/errors:865:15)
    at checkExecSyncError (node:child_process:890:11)
    at execSync (node:child_process:962:15)
    at execCommand (/media/lsi/HDD/safer/safer-reproduction-kit/safer/src/utils/execCommand.ts:7:5)
    at Object.runMavenBuild (/media/lsi/HDD/safer/safer-reproduction-kit/safer/src/runners/maven/maven-runner.ts:14:5)
    at updateDependenciesInPom (/media/lsi/HDD/safer/safer-reproduction-kit/safer/src/runners/maven/script.ts:119:21)
    at runForMaven (/media/lsi/HDD/safer/safer-reproduction-kit/safer/src/runners/maven/script.ts:73:31)
    at process.processTicksAndRejections (node:internal/process/task_queues:95:5)
    at main (/media/lsi/HDD/safer/safer-reproduction-kit/safer/src/script.ts:101:5) {
  status: 1,
  signal: null,
  output: [ null, null, null ],
  pid: 1440083,
  stdout: null,
  stderr: null
}
Error executing command: Error: Command failed: /media/lsi/HDD/safer/safer-reproduction-kit/safer/src/runners/maven/run-maven-build.sh true /media/lsi/HDD/safer/safer-reproduction-kit/workstation/maven/barancev_webdriver-factory false
    at __node_internal_genericNodeError (node:internal/errors:865:15)
    at checkExecSyncError (node:child_process:890:11)
    at execSync (node:child_process:962:15)
    at execCommand (/media/lsi/HDD/safer/safer-reproduction-kit/safer/src/utils/execCommand.ts:7:5)
    at Object.runMavenBuild (/media/lsi/HDD/safer/safer-reproduction-kit/safer/src/runners/maven/maven-runner.ts:14:5)
    at updateDependenciesInPom (/media/lsi/HDD/safer/safer-reproduction-kit/safer/src/runners/maven/script.ts:119:21)
    at runForMaven (/media/lsi/HDD/safer/safer-reproduction-kit/safer/src/runners/maven/script.ts:73:31)
    at process.processTicksAndRejections (node:internal/process/task_queues:95:5)
    at main (/media/lsi/HDD/safer/safer-reproduction-kit/safer/src/script.ts:101:5) {
  status: 1,
  signal: null,
  output: [ null, null, null ],
  pid: 1440599,
  stdout: null,
  stderr: null
}
Error executing command: Error: Command failed: /media/lsi/HDD/safer/safer-reproduction-kit/safer/src/runners/maven/run-maven-build.sh true /media/lsi/HDD/safer/safer-reproduction-kit/workstation/maven/barancev_webdriver-factory false
    at __node_internal_genericNodeError (node:internal/errors:865:15)
    at checkExecSyncError (node:child_process:890:11)
    at execSync (node:child_process:962:15)
    at execCommand (/media/lsi/HDD/safer/safer-reproduction-kit/safer/src/utils/execCommand.ts:7:5)
    at Object.runMavenBuild (/media/lsi/HDD/safer/safer-reproduction-kit/safer/src/runners/maven/maven-runner.ts:14:5)
    at updateDependenciesInPom (/media/lsi/HDD/safer/safer-reproduction-kit/safer/src/runners/maven/script.ts:119:21)
    at runForMaven (/media/lsi/HDD/safer/safer-reproduction-kit/safer/src/runners/maven/script.ts:73:31)
    at process.processTicksAndRejections (node:internal/process/task_queues:95:5)
    at main (/media/lsi/HDD/safer/safer-reproduction-kit/safer/src/script.ts:101:5) {
  status: 1,
  signal: null,
  output: [ null, null, null ],
  pid: 1441317,
  stdout: null,
  stderr: null
}
Error executing command: Error: Command failed: /media/lsi/HDD/safer/safer-reproduction-kit/safer/src/runners/maven/run-maven-build.sh true /media/lsi/HDD/safer/safer-reproduction-kit/workstation/maven/barancev_webdriver-factory false
    at __node_internal_genericNodeError (node:internal/errors:865:15)
    at checkExecSyncError (node:child_process:890:11)
    at execSync (node:child_process:962:15)
    at execCommand (/media/lsi/HDD/safer/safer-reproduction-kit/safer/src/utils/execCommand.ts:7:5)
    at Object.runMavenBuild (/media/lsi/HDD/safer/safer-reproduction-kit/safer/src/runners/maven/maven-runner.ts:14:5)
    at updateDependenciesInPom (/media/lsi/HDD/safer/safer-reproduction-kit/safer/src/runners/maven/script.ts:119:21)
    at runForMaven (/media/lsi/HDD/safer/safer-reproduction-kit/safer/src/runners/maven/script.ts:73:31)
    at process.processTicksAndRejections (node:internal/process/task_queues:95:5)
    at main (/media/lsi/HDD/safer/safer-reproduction-kit/safer/src/script.ts:101:5) {
  status: 1,
  signal: null,
  output: [ null, null, null ],
  pid: 1441764,
  stdout: null,
  stderr: null
}
Error executing command: Error: Command failed: /media/lsi/HDD/safer/safer-reproduction-kit/safer/src/runners/maven/run-maven-build.sh true /media/lsi/HDD/safer/safer-reproduction-kit/workstation/maven/barancev_webdriver-factory false
    at __node_internal_genericNodeError (node:internal/errors:865:15)
    at checkExecSyncError (node:child_process:890:11)
    at execSync (node:child_process:962:15)
    at execCommand (/media/lsi/HDD/safer/safer-reproduction-kit/safer/src/utils/execCommand.ts:7:5)
    at Object.runMavenBuild (/media/lsi/HDD/safer/safer-reproduction-kit/safer/src/runners/maven/maven-runner.ts:14:5)
    at updateDependenciesInPom (/media/lsi/HDD/safer/safer-reproduction-kit/safer/src/runners/maven/script.ts:119:21)
    at runForMaven (/media/lsi/HDD/safer/safer-reproduction-kit/safer/src/runners/maven/script.ts:73:31)
    at process.processTicksAndRejections (node:internal/process/task_queues:95:5)
    at main (/media/lsi/HDD/safer/safer-reproduction-kit/safer/src/script.ts:101:5) {
  status: 1,
  signal: null,
  output: [ null, null, null ],
  pid: 1442464,
  stdout: null,
  stderr: null
}
Error executing command: Error: Command failed: /media/lsi/HDD/safer/safer-reproduction-kit/safer/src/runners/maven/run-maven-build.sh true /media/lsi/HDD/safer/safer-reproduction-kit/workstation/maven/barancev_webdriver-factory false
    at __node_internal_genericNodeError (node:internal/errors:865:15)
    at checkExecSyncError (node:child_process:890:11)
    at execSync (node:child_process:962:15)
    at execCommand (/media/lsi/HDD/safer/safer-reproduction-kit/safer/src/utils/execCommand.ts:7:5)
    at Object.runMavenBuild (/media/lsi/HDD/safer/safer-reproduction-kit/safer/src/runners/maven/maven-runner.ts:14:5)
    at updateDependenciesInPom (/media/lsi/HDD/safer/safer-reproduction-kit/safer/src/runners/maven/script.ts:119:21)
    at runForMaven (/media/lsi/HDD/safer/safer-reproduction-kit/safer/src/runners/maven/script.ts:73:31)
    at process.processTicksAndRejections (node:internal/process/task_queues:95:5)
    at main (/media/lsi/HDD/safer/safer-reproduction-kit/safer/src/script.ts:101:5) {
  status: 1,
  signal: null,
  output: [ null, null, null ],
  pid: 1443182,
  stdout: null,
  stderr: null
}
Error executing command: Error: Command failed: /media/lsi/HDD/safer/safer-reproduction-kit/safer/src/runners/maven/run-maven-build.sh true /media/lsi/HDD/safer/safer-reproduction-kit/workstation/maven/barancev_webdriver-factory false
    at __node_internal_genericNodeError (node:internal/errors:865:15)
    at checkExecSyncError (node:child_process:890:11)
    at execSync (node:child_process:962:15)
    at execCommand (/media/lsi/HDD/safer/safer-reproduction-kit/safer/src/utils/execCommand.ts:7:5)
    at Object.runMavenBuild (/media/lsi/HDD/safer/safer-reproduction-kit/safer/src/runners/maven/maven-runner.ts:14:5)
    at updateDependenciesInPom (/media/lsi/HDD/safer/safer-reproduction-kit/safer/src/runners/maven/script.ts:119:21)
    at runForMaven (/media/lsi/HDD/safer/safer-reproduction-kit/safer/src/runners/maven/script.ts:73:31)
    at process.processTicksAndRejections (node:internal/process/task_queues:95:5)
    at main (/media/lsi/HDD/safer/safer-reproduction-kit/safer/src/script.ts:101:5) {
  status: 1,
  signal: null,
  output: [ null, null, null ],
  pid: 1443882,
  stdout: null,
  stderr: null
}
Error executing command: Error: Command failed: /media/lsi/HDD/safer/safer-reproduction-kit/safer/src/runners/maven/run-maven-build.sh true /media/lsi/HDD/safer/safer-reproduction-kit/workstation/maven/barancev_webdriver-factory false
    at __node_internal_genericNodeError (node:internal/errors:865:15)
    at checkExecSyncError (node:child_process:890:11)
    at execSync (node:child_process:962:15)
    at execCommand (/media/lsi/HDD/safer/safer-reproduction-kit/safer/src/utils/execCommand.ts:7:5)
    at Object.runMavenBuild (/media/lsi/HDD/safer/safer-reproduction-kit/safer/src/runners/maven/maven-runner.ts:14:5)
    at updateDependenciesInPom (/media/lsi/HDD/safer/safer-reproduction-kit/safer/src/runners/maven/script.ts:119:21)
    at runForMaven (/media/lsi/HDD/safer/safer-reproduction-kit/safer/src/runners/maven/script.ts:73:31)
    at process.processTicksAndRejections (node:internal/process/task_queues:95:5)
    at main (/media/lsi/HDD/safer/safer-reproduction-kit/safer/src/script.ts:101:5) {
  status: 1,
  signal: null,
  output: [ null, null, null ],
  pid: 1444496,
  stdout: null,
  stderr: null
}
Error executing command: Error: Command failed: /media/lsi/HDD/safer/safer-reproduction-kit/safer/src/runners/maven/run-maven-build.sh true /media/lsi/HDD/safer/safer-reproduction-kit/workstation/maven/barancev_webdriver-factory false
    at __node_internal_genericNodeError (node:internal/errors:865:15)
    at checkExecSyncError (node:child_process:890:11)
    at execSync (node:child_process:962:15)
    at execCommand (/media/lsi/HDD/safer/safer-reproduction-kit/safer/src/utils/execCommand.ts:7:5)
    at Object.runMavenBuild (/media/lsi/HDD/safer/safer-reproduction-kit/safer/src/runners/maven/maven-runner.ts:14:5)
    at updateDependenciesInPom (/media/lsi/HDD/safer/safer-reproduction-kit/safer/src/runners/maven/script.ts:119:21)
    at runForMaven (/media/lsi/HDD/safer/safer-reproduction-kit/safer/src/runners/maven/script.ts:73:31)
    at process.processTicksAndRejections (node:internal/process/task_queues:95:5)
    at main (/media/lsi/HDD/safer/safer-reproduction-kit/safer/src/script.ts:101:5) {
  status: 1,
  signal: null,
  output: [ null, null, null ],
  pid: 1444949,
  stdout: null,
  stderr: null
}
Error executing command: Error: Command failed: /media/lsi/HDD/safer/safer-reproduction-kit/safer/src/runners/maven/run-maven-build.sh true /media/lsi/HDD/safer/safer-reproduction-kit/workstation/maven/barancev_webdriver-factory false
    at __node_internal_genericNodeError (node:internal/errors:865:15)
    at checkExecSyncError (node:child_process:890:11)
    at execSync (node:child_process:962:15)
    at execCommand (/media/lsi/HDD/safer/safer-reproduction-kit/safer/src/utils/execCommand.ts:7:5)
    at Object.runMavenBuild (/media/lsi/HDD/safer/safer-reproduction-kit/safer/src/runners/maven/maven-runner.ts:14:5)
    at updateDependenciesInPom (/media/lsi/HDD/safer/safer-reproduction-kit/safer/src/runners/maven/script.ts:119:21)
    at runForMaven (/media/lsi/HDD/safer/safer-reproduction-kit/safer/src/runners/maven/script.ts:73:31)
    at process.processTicksAndRejections (node:internal/process/task_queues:95:5)
    at main (/media/lsi/HDD/safer/safer-reproduction-kit/safer/src/script.ts:101:5) {
  status: 1,
  signal: null,
  output: [ null, null, null ],
  pid: 1445437,
  stdout: null,
  stderr: null
}
Error executing command: Error: Command failed: /media/lsi/HDD/safer/safer-reproduction-kit/safer/src/runners/maven/run-maven-build.sh true /media/lsi/HDD/safer/safer-reproduction-kit/workstation/maven/barancev_webdriver-factory false
    at __node_internal_genericNodeError (node:internal/errors:865:15)
    at checkExecSyncError (node:child_process:890:11)
    at execSync (node:child_process:962:15)
    at execCommand (/media/lsi/HDD/safer/safer-reproduction-kit/safer/src/utils/execCommand.ts:7:5)
    at Object.runMavenBuild (/media/lsi/HDD/safer/safer-reproduction-kit/safer/src/runners/maven/maven-runner.ts:14:5)
    at updateDependenciesInPom (/media/lsi/HDD/safer/safer-reproduction-kit/safer/src/runners/maven/script.ts:119:21)
    at runForMaven (/media/lsi/HDD/safer/safer-reproduction-kit/safer/src/runners/maven/script.ts:73:31)
    at process.processTicksAndRejections (node:internal/process/task_queues:95:5)
    at main (/media/lsi/HDD/safer/safer-reproduction-kit/safer/src/script.ts:101:5) {
  status: 1,
  signal: null,
  output: [ null, null, null ],
  pid: 1446007,
  stdout: null,
  stderr: null
}
Error executing command: Error: Command failed: /media/lsi/HDD/safer/safer-reproduction-kit/safer/src/runners/maven/run-maven-build.sh true /media/lsi/HDD/safer/safer-reproduction-kit/workstation/maven/barancev_webdriver-factory false
    at __node_internal_genericNodeError (node:internal/errors:865:15)
    at checkExecSyncError (node:child_process:890:11)
    at execSync (node:child_process:962:15)
    at execCommand (/media/lsi/HDD/safer/safer-reproduction-kit/safer/src/utils/execCommand.ts:7:5)
    at Object.runMavenBuild (/media/lsi/HDD/safer/safer-reproduction-kit/safer/src/runners/maven/maven-runner.ts:14:5)
    at updateDependenciesInPom (/media/lsi/HDD/safer/safer-reproduction-kit/safer/src/runners/maven/script.ts:119:21)
    at runForMaven (/media/lsi/HDD/safer/safer-reproduction-kit/safer/src/runners/maven/script.ts:73:31)
    at process.processTicksAndRejections (node:internal/process/task_queues:95:5)
    at main (/media/lsi/HDD/safer/safer-reproduction-kit/safer/src/script.ts:101:5) {
  status: 1,
  signal: null,
  output: [ null, null, null ],
  pid: 1446580,
  stdout: null,
  stderr: null
}
Error executing command: Error: Command failed: /media/lsi/HDD/safer/safer-reproduction-kit/safer/src/runners/maven/run-maven-build.sh true /media/lsi/HDD/safer/safer-reproduction-kit/workstation/maven/barancev_webdriver-factory false
    at __node_internal_genericNodeError (node:internal/errors:865:15)
    at checkExecSyncError (node:child_process:890:11)
    at execSync (node:child_process:962:15)
    at execCommand (/media/lsi/HDD/safer/safer-reproduction-kit/safer/src/utils/execCommand.ts:7:5)
    at Object.runMavenBuild (/media/lsi/HDD/safer/safer-reproduction-kit/safer/src/runners/maven/maven-runner.ts:14:5)
    at updateDependenciesInPom (/media/lsi/HDD/safer/safer-reproduction-kit/safer/src/runners/maven/script.ts:119:21)
    at runForMaven (/media/lsi/HDD/safer/safer-reproduction-kit/safer/src/runners/maven/script.ts:73:31)
    at process.processTicksAndRejections (node:internal/process/task_queues:95:5)
    at main (/media/lsi/HDD/safer/safer-reproduction-kit/safer/src/script.ts:101:5) {
  status: 1,
  signal: null,
  output: [ null, null, null ],
  pid: 1447073,
  stdout: null,
  stderr: null
}
Error executing command: Error: Command failed: /media/lsi/HDD/safer/safer-reproduction-kit/safer/src/runners/maven/run-maven-build.sh true /media/lsi/HDD/safer/safer-reproduction-kit/workstation/maven/barancev_webdriver-factory false
    at __node_internal_genericNodeError (node:internal/errors:865:15)
    at checkExecSyncError (node:child_process:890:11)
    at execSync (node:child_process:962:15)
    at execCommand (/media/lsi/HDD/safer/safer-reproduction-kit/safer/src/utils/execCommand.ts:7:5)
    at Object.runMavenBuild (/media/lsi/HDD/safer/safer-reproduction-kit/safer/src/runners/maven/maven-runner.ts:14:5)
    at updateDependenciesInPom (/media/lsi/HDD/safer/safer-reproduction-kit/safer/src/runners/maven/script.ts:119:21)
    at runForMaven (/media/lsi/HDD/safer/safer-reproduction-kit/safer/src/runners/maven/script.ts:73:31)
    at process.processTicksAndRejections (node:internal/process/task_queues:95:5)
    at main (/media/lsi/HDD/safer/safer-reproduction-kit/safer/src/script.ts:101:5) {
  status: 1,
  signal: null,
  output: [ null, null, null ],
  pid: 1447557,
  stdout: null,
  stderr: null
}
Error executing command: Error: Command failed: /media/lsi/HDD/safer/safer-reproduction-kit/safer/src/runners/maven/run-maven-build.sh true /media/lsi/HDD/safer/safer-reproduction-kit/workstation/maven/barancev_webdriver-factory false
    at __node_internal_genericNodeError (node:internal/errors:865:15)
    at checkExecSyncError (node:child_process:890:11)
    at execSync (node:child_process:962:15)
    at execCommand (/media/lsi/HDD/safer/safer-reproduction-kit/safer/src/utils/execCommand.ts:7:5)
    at Object.runMavenBuild (/media/lsi/HDD/safer/safer-reproduction-kit/safer/src/runners/maven/maven-runner.ts:14:5)
    at updateDependenciesInPom (/media/lsi/HDD/safer/safer-reproduction-kit/safer/src/runners/maven/script.ts:119:21)
    at runForMaven (/media/lsi/HDD/safer/safer-reproduction-kit/safer/src/runners/maven/script.ts:73:31)
    at process.processTicksAndRejections (node:internal/process/task_queues:95:5)
    at main (/media/lsi/HDD/safer/safer-reproduction-kit/safer/src/script.ts:101:5) {
  status: 1,
  signal: null,
  output: [ null, null, null ],
  pid: 1447936,
  stdout: null,
  stderr: null
}
Error executing command: Error: Command failed: /media/lsi/HDD/safer/safer-reproduction-kit/safer/src/runners/maven/run-maven-build.sh true /media/lsi/HDD/safer/safer-reproduction-kit/workstation/maven/barancev_webdriver-factory false
    at __node_internal_genericNodeError (node:internal/errors:865:15)
    at checkExecSyncError (node:child_process:890:11)
    at execSync (node:child_process:962:15)
    at execCommand (/media/lsi/HDD/safer/safer-reproduction-kit/safer/src/utils/execCommand.ts:7:5)
    at Object.runMavenBuild (/media/lsi/HDD/safer/safer-reproduction-kit/safer/src/runners/maven/maven-runner.ts:14:5)
    at updateDependenciesInPom (/media/lsi/HDD/safer/safer-reproduction-kit/safer/src/runners/maven/script.ts:119:21)
    at runForMaven (/media/lsi/HDD/safer/safer-reproduction-kit/safer/src/runners/maven/script.ts:73:31)
    at process.processTicksAndRejections (node:internal/process/task_queues:95:5)
    at main (/media/lsi/HDD/safer/safer-reproduction-kit/safer/src/script.ts:101:5) {
  status: 1,
  signal: null,
  output: [ null, null, null ],
  pid: 1448482,
  stdout: null,
  stderr: null
}
Error executing command: Error: Command failed: /media/lsi/HDD/safer/safer-reproduction-kit/safer/src/runners/maven/run-maven-build.sh true /media/lsi/HDD/safer/safer-reproduction-kit/workstation/maven/barancev_webdriver-factory false
    at __node_internal_genericNodeError (node:internal/errors:865:15)
    at checkExecSyncError (node:child_process:890:11)
    at execSync (node:child_process:962:15)
    at execCommand (/media/lsi/HDD/safer/safer-reproduction-kit/safer/src/utils/execCommand.ts:7:5)
    at Object.runMavenBuild (/media/lsi/HDD/safer/safer-reproduction-kit/safer/src/runners/maven/maven-runner.ts:14:5)
    at updateDependenciesInPom (/media/lsi/HDD/safer/safer-reproduction-kit/safer/src/runners/maven/script.ts:119:21)
    at runForMaven (/media/lsi/HDD/safer/safer-reproduction-kit/safer/src/runners/maven/script.ts:73:31)
    at process.processTicksAndRejections (node:internal/process/task_queues:95:5)
    at main (/media/lsi/HDD/safer/safer-reproduction-kit/safer/src/script.ts:101:5) {
  status: 1,
  signal: null,
  output: [ null, null, null ],
  pid: 1449146,
  stdout: null,
  stderr: null
}
Error executing command: Error: Command failed: /media/lsi/HDD/safer/safer-reproduction-kit/safer/src/runners/maven/run-maven-build.sh true /media/lsi/HDD/safer/safer-reproduction-kit/workstation/maven/barancev_webdriver-factory false
    at __node_internal_genericNodeError (node:internal/errors:865:15)
    at checkExecSyncError (node:child_process:890:11)
    at execSync (node:child_process:962:15)
    at execCommand (/media/lsi/HDD/safer/safer-reproduction-kit/safer/src/utils/execCommand.ts:7:5)
    at Object.runMavenBuild (/media/lsi/HDD/safer/safer-reproduction-kit/safer/src/runners/maven/maven-runner.ts:14:5)
    at updateDependenciesInPom (/media/lsi/HDD/safer/safer-reproduction-kit/safer/src/runners/maven/script.ts:119:21)
    at runForMaven (/media/lsi/HDD/safer/safer-reproduction-kit/safer/src/runners/maven/script.ts:73:31)
    at process.processTicksAndRejections (node:internal/process/task_queues:95:5)
    at main (/media/lsi/HDD/safer/safer-reproduction-kit/safer/src/script.ts:101:5) {
  status: 1,
  signal: null,
  output: [ null, null, null ],
  pid: 1449625,
  stdout: null,
  stderr: null
}
Error executing command: Error: Command failed: /media/lsi/HDD/safer/safer-reproduction-kit/safer/src/runners/maven/run-maven-build.sh true /media/lsi/HDD/safer/safer-reproduction-kit/workstation/maven/barancev_webdriver-factory false
    at __node_internal_genericNodeError (node:internal/errors:865:15)
    at checkExecSyncError (node:child_process:890:11)
    at execSync (node:child_process:962:15)
    at execCommand (/media/lsi/HDD/safer/safer-reproduction-kit/safer/src/utils/execCommand.ts:7:5)
    at Object.runMavenBuild (/media/lsi/HDD/safer/safer-reproduction-kit/safer/src/runners/maven/maven-runner.ts:14:5)
    at updateDependenciesInPom (/media/lsi/HDD/safer/safer-reproduction-kit/safer/src/runners/maven/script.ts:119:21)
    at runForMaven (/media/lsi/HDD/safer/safer-reproduction-kit/safer/src/runners/maven/script.ts:73:31)
    at process.processTicksAndRejections (node:internal/process/task_queues:95:5)
    at main (/media/lsi/HDD/safer/safer-reproduction-kit/safer/src/script.ts:101:5) {
  status: 1,
  signal: null,
  output: [ null, null, null ],
  pid: 1450261,
  stdout: null,
  stderr: null
}
Error executing command: Error: Command failed: /media/lsi/HDD/safer/safer-reproduction-kit/safer/src/runners/maven/run-maven-build.sh true /media/lsi/HDD/safer/safer-reproduction-kit/workstation/maven/barancev_webdriver-factory false
    at __node_internal_genericNodeError (node:internal/errors:865:15)
    at checkExecSyncError (node:child_process:890:11)
    at execSync (node:child_process:962:15)
    at execCommand (/media/lsi/HDD/safer/safer-reproduction-kit/safer/src/utils/execCommand.ts:7:5)
    at Object.runMavenBuild (/media/lsi/HDD/safer/safer-reproduction-kit/safer/src/runners/maven/maven-runner.ts:14:5)
    at updateDependenciesInPom (/media/lsi/HDD/safer/safer-reproduction-kit/safer/src/runners/maven/script.ts:119:21)
    at runForMaven (/media/lsi/HDD/safer/safer-reproduction-kit/safer/src/runners/maven/script.ts:73:31)
    at process.processTicksAndRejections (node:internal/process/task_queues:95:5)
    at main (/media/lsi/HDD/safer/safer-reproduction-kit/safer/src/script.ts:101:5) {
  status: 1,
  signal: null,
  output: [ null, null, null ],
  pid: 1450642,
  stdout: null,
  stderr: null
}
Error executing command: Error: Command failed: /media/lsi/HDD/safer/safer-reproduction-kit/safer/src/runners/maven/run-maven-build.sh true /media/lsi/HDD/safer/safer-reproduction-kit/workstation/maven/barancev_webdriver-factory false
    at __node_internal_genericNodeError (node:internal/errors:865:15)
    at checkExecSyncError (node:child_process:890:11)
    at execSync (node:child_process:962:15)
    at execCommand (/media/lsi/HDD/safer/safer-reproduction-kit/safer/src/utils/execCommand.ts:7:5)
    at Object.runMavenBuild (/media/lsi/HDD/safer/safer-reproduction-kit/safer/src/runners/maven/maven-runner.ts:14:5)
    at updateDependenciesInPom (/media/lsi/HDD/safer/safer-reproduction-kit/safer/src/runners/maven/script.ts:119:21)
    at runForMaven (/media/lsi/HDD/safer/safer-reproduction-kit/safer/src/runners/maven/script.ts:73:31)
    at process.processTicksAndRejections (node:internal/process/task_queues:95:5)
    at main (/media/lsi/HDD/safer/safer-reproduction-kit/safer/src/script.ts:101:5) {
  status: 1,
  signal: null,
  output: [ null, null, null ],
  pid: 1451401,
  stdout: null,
  stderr: null
}
Error executing command: Error: Command failed: /media/lsi/HDD/safer/safer-reproduction-kit/safer/src/runners/maven/run-maven-build.sh true /media/lsi/HDD/safer/safer-reproduction-kit/workstation/maven/barancev_webdriver-factory false
    at __node_internal_genericNodeError (node:internal/errors:865:15)
    at checkExecSyncError (node:child_process:890:11)
    at execSync (node:child_process:962:15)
    at execCommand (/media/lsi/HDD/safer/safer-reproduction-kit/safer/src/utils/execCommand.ts:7:5)
    at Object.runMavenBuild (/media/lsi/HDD/safer/safer-reproduction-kit/safer/src/runners/maven/maven-runner.ts:14:5)
    at updateDependenciesInPom (/media/lsi/HDD/safer/safer-reproduction-kit/safer/src/runners/maven/script.ts:119:21)
    at runForMaven (/media/lsi/HDD/safer/safer-reproduction-kit/safer/src/runners/maven/script.ts:73:31)
    at process.processTicksAndRejections (node:internal/process/task_queues:95:5)
    at main (/media/lsi/HDD/safer/safer-reproduction-kit/safer/src/script.ts:101:5) {
  status: 1,
  signal: null,
  output: [ null, null, null ],
  pid: 1452041,
  stdout: null,
  stderr: null
}
Error executing command: Error: Command failed: /media/lsi/HDD/safer/safer-reproduction-kit/safer/src/runners/maven/run-maven-build.sh true /media/lsi/HDD/safer/safer-reproduction-kit/workstation/maven/barancev_webdriver-factory false
    at __node_internal_genericNodeError (node:internal/errors:865:15)
    at checkExecSyncError (node:child_process:890:11)
    at execSync (node:child_process:962:15)
    at execCommand (/media/lsi/HDD/safer/safer-reproduction-kit/safer/src/utils/execCommand.ts:7:5)
    at Object.runMavenBuild (/media/lsi/HDD/safer/safer-reproduction-kit/safer/src/runners/maven/maven-runner.ts:14:5)
    at updateDependenciesInPom (/media/lsi/HDD/safer/safer-reproduction-kit/safer/src/runners/maven/script.ts:119:21)
    at runForMaven (/media/lsi/HDD/safer/safer-reproduction-kit/safer/src/runners/maven/script.ts:73:31)
    at process.processTicksAndRejections (node:internal/process/task_queues:95:5)
    at main (/media/lsi/HDD/safer/safer-reproduction-kit/safer/src/script.ts:101:5) {
  status: 1,
  signal: null,
  output: [ null, null, null ],
  pid: 1452572,
  stdout: null,
  stderr: null
}
Error executing command: Error: Command failed: /media/lsi/HDD/safer/safer-reproduction-kit/safer/src/runners/maven/run-maven-build.sh true /media/lsi/HDD/safer/safer-reproduction-kit/workstation/maven/barancev_webdriver-factory false
    at __node_internal_genericNodeError (node:internal/errors:865:15)
    at checkExecSyncError (node:child_process:890:11)
    at execSync (node:child_process:962:15)
    at execCommand (/media/lsi/HDD/safer/safer-reproduction-kit/safer/src/utils/execCommand.ts:7:5)
    at Object.runMavenBuild (/media/lsi/HDD/safer/safer-reproduction-kit/safer/src/runners/maven/maven-runner.ts:14:5)
    at updateDependenciesInPom (/media/lsi/HDD/safer/safer-reproduction-kit/safer/src/runners/maven/script.ts:119:21)
    at runForMaven (/media/lsi/HDD/safer/safer-reproduction-kit/safer/src/runners/maven/script.ts:73:31)
    at process.processTicksAndRejections (node:internal/process/task_queues:95:5)
    at main (/media/lsi/HDD/safer/safer-reproduction-kit/safer/src/script.ts:101:5) {
  status: 1,
  signal: null,
  output: [ null, null, null ],
  pid: 1453275,
  stdout: null,
  stderr: null
}
Error executing command: Error: Command failed: /media/lsi/HDD/safer/safer-reproduction-kit/safer/src/runners/maven/run-maven-build.sh true /media/lsi/HDD/safer/safer-reproduction-kit/workstation/maven/barancev_webdriver-factory false
    at __node_internal_genericNodeError (node:internal/errors:865:15)
    at checkExecSyncError (node:child_process:890:11)
    at execSync (node:child_process:962:15)
    at execCommand (/media/lsi/HDD/safer/safer-reproduction-kit/safer/src/utils/execCommand.ts:7:5)
    at Object.runMavenBuild (/media/lsi/HDD/safer/safer-reproduction-kit/safer/src/runners/maven/maven-runner.ts:14:5)
    at updateDependenciesInPom (/media/lsi/HDD/safer/safer-reproduction-kit/safer/src/runners/maven/script.ts:119:21)
    at runForMaven (/media/lsi/HDD/safer/safer-reproduction-kit/safer/src/runners/maven/script.ts:73:31)
    at process.processTicksAndRejections (node:internal/process/task_queues:95:5)
    at main (/media/lsi/HDD/safer/safer-reproduction-kit/safer/src/script.ts:101:5) {
  status: 1,
  signal: null,
  output: [ null, null, null ],
  pid: 1453868,
  stdout: null,
  stderr: null
}
Error executing command: Error: Command failed: /media/lsi/HDD/safer/safer-reproduction-kit/safer/src/runners/maven/run-maven-build.sh true /media/lsi/HDD/safer/safer-reproduction-kit/workstation/maven/barancev_webdriver-factory false
    at __node_internal_genericNodeError (node:internal/errors:865:15)
    at checkExecSyncError (node:child_process:890:11)
    at execSync (node:child_process:962:15)
    at execCommand (/media/lsi/HDD/safer/safer-reproduction-kit/safer/src/utils/execCommand.ts:7:5)
    at Object.runMavenBuild (/media/lsi/HDD/safer/safer-reproduction-kit/safer/src/runners/maven/maven-runner.ts:14:5)
    at updateDependenciesInPom (/media/lsi/HDD/safer/safer-reproduction-kit/safer/src/runners/maven/script.ts:119:21)
    at runForMaven (/media/lsi/HDD/safer/safer-reproduction-kit/safer/src/runners/maven/script.ts:73:31)
    at process.processTicksAndRejections (node:internal/process/task_queues:95:5)
    at main (/media/lsi/HDD/safer/safer-reproduction-kit/safer/src/script.ts:101:5) {
  status: 1,
  signal: null,
  output: [ null, null, null ],
  pid: 1454232,
  stdout: null,
  stderr: null
}
Error executing command: Error: Command failed: /media/lsi/HDD/safer/safer-reproduction-kit/safer/src/runners/maven/run-maven-build.sh true /media/lsi/HDD/safer/safer-reproduction-kit/workstation/maven/barancev_webdriver-factory false
    at __node_internal_genericNodeError (node:internal/errors:865:15)
    at checkExecSyncError (node:child_process:890:11)
    at execSync (node:child_process:962:15)
    at execCommand (/media/lsi/HDD/safer/safer-reproduction-kit/safer/src/utils/execCommand.ts:7:5)
    at Object.runMavenBuild (/media/lsi/HDD/safer/safer-reproduction-kit/safer/src/runners/maven/maven-runner.ts:14:5)
    at updateDependenciesInPom (/media/lsi/HDD/safer/safer-reproduction-kit/safer/src/runners/maven/script.ts:119:21)
    at runForMaven (/media/lsi/HDD/safer/safer-reproduction-kit/safer/src/runners/maven/script.ts:73:31)
    at process.processTicksAndRejections (node:internal/process/task_queues:95:5)
    at main (/media/lsi/HDD/safer/safer-reproduction-kit/safer/src/script.ts:101:5) {
  status: 1,
  signal: null,
  output: [ null, null, null ],
  pid: 1454876,
  stdout: null,
  stderr: null
}
Error executing command: Error: Command failed: /media/lsi/HDD/safer/safer-reproduction-kit/safer/src/runners/maven/run-maven-build.sh true /media/lsi/HDD/safer/safer-reproduction-kit/workstation/maven/barancev_webdriver-factory false
    at __node_internal_genericNodeError (node:internal/errors:865:15)
    at checkExecSyncError (node:child_process:890:11)
    at execSync (node:child_process:962:15)
    at execCommand (/media/lsi/HDD/safer/safer-reproduction-kit/safer/src/utils/execCommand.ts:7:5)
    at Object.runMavenBuild (/media/lsi/HDD/safer/safer-reproduction-kit/safer/src/runners/maven/maven-runner.ts:14:5)
    at updateDependenciesInPom (/media/lsi/HDD/safer/safer-reproduction-kit/safer/src/runners/maven/script.ts:119:21)
    at runForMaven (/media/lsi/HDD/safer/safer-reproduction-kit/safer/src/runners/maven/script.ts:73:31)
    at process.processTicksAndRejections (node:internal/process/task_queues:95:5)
    at main (/media/lsi/HDD/safer/safer-reproduction-kit/safer/src/script.ts:101:5) {
  status: 1,
  signal: null,
  output: [ null, null, null ],
  pid: 1455490,
  stdout: null,
  stderr: null
}
Error executing command: Error: Command failed: /media/lsi/HDD/safer/safer-reproduction-kit/safer/src/runners/maven/run-maven-build.sh true /media/lsi/HDD/safer/safer-reproduction-kit/workstation/maven/barancev_webdriver-factory false
    at __node_internal_genericNodeError (node:internal/errors:865:15)
    at checkExecSyncError (node:child_process:890:11)
    at execSync (node:child_process:962:15)
    at execCommand (/media/lsi/HDD/safer/safer-reproduction-kit/safer/src/utils/execCommand.ts:7:5)
    at Object.runMavenBuild (/media/lsi/HDD/safer/safer-reproduction-kit/safer/src/runners/maven/maven-runner.ts:14:5)
    at updateDependenciesInPom (/media/lsi/HDD/safer/safer-reproduction-kit/safer/src/runners/maven/script.ts:119:21)
    at runForMaven (/media/lsi/HDD/safer/safer-reproduction-kit/safer/src/runners/maven/script.ts:73:31)
    at process.processTicksAndRejections (node:internal/process/task_queues:95:5)
    at main (/media/lsi/HDD/safer/safer-reproduction-kit/safer/src/script.ts:101:5) {
  status: 1,
  signal: null,
  output: [ null, null, null ],
  pid: 1456170,
  stdout: null,
  stderr: null
}
Error executing command: Error: Command failed: /media/lsi/HDD/safer/safer-reproduction-kit/safer/src/runners/maven/run-maven-build.sh true /media/lsi/HDD/safer/safer-reproduction-kit/workstation/maven/barancev_webdriver-factory false
    at __node_internal_genericNodeError (node:internal/errors:865:15)
    at checkExecSyncError (node:child_process:890:11)
    at execSync (node:child_process:962:15)
    at execCommand (/media/lsi/HDD/safer/safer-reproduction-kit/safer/src/utils/execCommand.ts:7:5)
    at Object.runMavenBuild (/media/lsi/HDD/safer/safer-reproduction-kit/safer/src/runners/maven/maven-runner.ts:14:5)
    at updateDependenciesInPom (/media/lsi/HDD/safer/safer-reproduction-kit/safer/src/runners/maven/script.ts:119:21)
    at runForMaven (/media/lsi/HDD/safer/safer-reproduction-kit/safer/src/runners/maven/script.ts:73:31)
    at process.processTicksAndRejections (node:internal/process/task_queues:95:5)
    at main (/media/lsi/HDD/safer/safer-reproduction-kit/safer/src/script.ts:101:5) {
  status: 1,
  signal: null,
  output: [ null, null, null ],
  pid: 1456986,
  stdout: null,
  stderr: null
}
Error executing command: Error: Command failed: /media/lsi/HDD/safer/safer-reproduction-kit/safer/src/runners/maven/run-maven-build.sh true /media/lsi/HDD/safer/safer-reproduction-kit/workstation/maven/barancev_webdriver-factory false
    at __node_internal_genericNodeError (node:internal/errors:865:15)
    at checkExecSyncError (node:child_process:890:11)
    at execSync (node:child_process:962:15)
    at execCommand (/media/lsi/HDD/safer/safer-reproduction-kit/safer/src/utils/execCommand.ts:7:5)
    at Object.runMavenBuild (/media/lsi/HDD/safer/safer-reproduction-kit/safer/src/runners/maven/maven-runner.ts:14:5)
    at updateDependenciesInPom (/media/lsi/HDD/safer/safer-reproduction-kit/safer/src/runners/maven/script.ts:119:21)
    at runForMaven (/media/lsi/HDD/safer/safer-reproduction-kit/safer/src/runners/maven/script.ts:73:31)
    at process.processTicksAndRejections (node:internal/process/task_queues:95:5)
    at main (/media/lsi/HDD/safer/safer-reproduction-kit/safer/src/script.ts:101:5) {
  status: 1,
  signal: null,
  output: [ null, null, null ],
  pid: 1457617,
  stdout: null,
  stderr: null
}
Error executing command: Error: Command failed: /media/lsi/HDD/safer/safer-reproduction-kit/safer/src/runners/maven/run-maven-build.sh true /media/lsi/HDD/safer/safer-reproduction-kit/workstation/maven/barancev_webdriver-factory false
    at __node_internal_genericNodeError (node:internal/errors:865:15)
    at checkExecSyncError (node:child_process:890:11)
    at execSync (node:child_process:962:15)
    at execCommand (/media/lsi/HDD/safer/safer-reproduction-kit/safer/src/utils/execCommand.ts:7:5)
    at Object.runMavenBuild (/media/lsi/HDD/safer/safer-reproduction-kit/safer/src/runners/maven/maven-runner.ts:14:5)
    at updateDependenciesInPom (/media/lsi/HDD/safer/safer-reproduction-kit/safer/src/runners/maven/script.ts:119:21)
    at runForMaven (/media/lsi/HDD/safer/safer-reproduction-kit/safer/src/runners/maven/script.ts:73:31)
    at process.processTicksAndRejections (node:internal/process/task_queues:95:5)
    at main (/media/lsi/HDD/safer/safer-reproduction-kit/safer/src/script.ts:101:5) {
  status: 1,
  signal: null,
  output: [ null, null, null ],
  pid: 1458432,
  stdout: null,
  stderr: null
}
Error executing command: Error: Command failed: /media/lsi/HDD/safer/safer-reproduction-kit/safer/src/runners/maven/run-maven-build.sh true /media/lsi/HDD/safer/safer-reproduction-kit/workstation/maven/barancev_webdriver-factory false
    at __node_internal_genericNodeError (node:internal/errors:865:15)
    at checkExecSyncError (node:child_process:890:11)
    at execSync (node:child_process:962:15)
    at execCommand (/media/lsi/HDD/safer/safer-reproduction-kit/safer/src/utils/execCommand.ts:7:5)
    at Object.runMavenBuild (/media/lsi/HDD/safer/safer-reproduction-kit/safer/src/runners/maven/maven-runner.ts:14:5)
    at updateDependenciesInPom (/media/lsi/HDD/safer/safer-reproduction-kit/safer/src/runners/maven/script.ts:119:21)
    at runForMaven (/media/lsi/HDD/safer/safer-reproduction-kit/safer/src/runners/maven/script.ts:73:31)
    at process.processTicksAndRejections (node:internal/process/task_queues:95:5)
    at main (/media/lsi/HDD/safer/safer-reproduction-kit/safer/src/script.ts:101:5) {
  status: 1,
  signal: null,
  output: [ null, null, null ],
  pid: 1459153,
  stdout: null,
  stderr: null
}
Error executing command: Error: Command failed: /media/lsi/HDD/safer/safer-reproduction-kit/safer/src/runners/maven/run-maven-build.sh true /media/lsi/HDD/safer/safer-reproduction-kit/workstation/maven/barancev_webdriver-factory false
    at __node_internal_genericNodeError (node:internal/errors:865:15)
    at checkExecSyncError (node:child_process:890:11)
    at execSync (node:child_process:962:15)
    at execCommand (/media/lsi/HDD/safer/safer-reproduction-kit/safer/src/utils/execCommand.ts:7:5)
    at Object.runMavenBuild (/media/lsi/HDD/safer/safer-reproduction-kit/safer/src/runners/maven/maven-runner.ts:14:5)
    at updateDependenciesInPom (/media/lsi/HDD/safer/safer-reproduction-kit/safer/src/runners/maven/script.ts:119:21)
    at runForMaven (/media/lsi/HDD/safer/safer-reproduction-kit/safer/src/runners/maven/script.ts:73:31)
    at process.processTicksAndRejections (node:internal/process/task_queues:95:5)
    at main (/media/lsi/HDD/safer/safer-reproduction-kit/safer/src/script.ts:101:5) {
  status: 1,
  signal: null,
  output: [ null, null, null ],
  pid: 1459926,
  stdout: null,
  stderr: null
}
Error executing command: Error: Command failed: /media/lsi/HDD/safer/safer-reproduction-kit/safer/src/runners/maven/run-maven-build.sh true /media/lsi/HDD/safer/safer-reproduction-kit/workstation/maven/barancev_webdriver-factory false
    at __node_internal_genericNodeError (node:internal/errors:865:15)
    at checkExecSyncError (node:child_process:890:11)
    at execSync (node:child_process:962:15)
    at execCommand (/media/lsi/HDD/safer/safer-reproduction-kit/safer/src/utils/execCommand.ts:7:5)
    at Object.runMavenBuild (/media/lsi/HDD/safer/safer-reproduction-kit/safer/src/runners/maven/maven-runner.ts:14:5)
    at updateDependenciesInPom (/media/lsi/HDD/safer/safer-reproduction-kit/safer/src/runners/maven/script.ts:119:21)
    at runForMaven (/media/lsi/HDD/safer/safer-reproduction-kit/safer/src/runners/maven/script.ts:73:31)
    at process.processTicksAndRejections (node:internal/process/task_queues:95:5)
    at main (/media/lsi/HDD/safer/safer-reproduction-kit/safer/src/script.ts:101:5) {
  status: 1,
  signal: null,
  output: [ null, null, null ],
  pid: 1460727,
  stdout: null,
  stderr: null
}
Error executing command: Error: Command failed: /media/lsi/HDD/safer/safer-reproduction-kit/safer/src/runners/maven/run-maven-build.sh true /media/lsi/HDD/safer/safer-reproduction-kit/workstation/maven/barancev_webdriver-factory false
    at __node_internal_genericNodeError (node:internal/errors:865:15)
    at checkExecSyncError (node:child_process:890:11)
    at execSync (node:child_process:962:15)
    at execCommand (/media/lsi/HDD/safer/safer-reproduction-kit/safer/src/utils/execCommand.ts:7:5)
    at Object.runMavenBuild (/media/lsi/HDD/safer/safer-reproduction-kit/safer/src/runners/maven/maven-runner.ts:14:5)
    at updateDependenciesInPom (/media/lsi/HDD/safer/safer-reproduction-kit/safer/src/runners/maven/script.ts:119:21)
    at runForMaven (/media/lsi/HDD/safer/safer-reproduction-kit/safer/src/runners/maven/script.ts:73:31)
    at process.processTicksAndRejections (node:internal/process/task_queues:95:5)
    at main (/media/lsi/HDD/safer/safer-reproduction-kit/safer/src/script.ts:101:5) {
  status: 1,
  signal: null,
  output: [ null, null, null ],
  pid: 1461355,
  stdout: null,
  stderr: null
}
Error executing command: Error: Command failed: /media/lsi/HDD/safer/safer-reproduction-kit/safer/src/runners/maven/run-maven-build.sh true /media/lsi/HDD/safer/safer-reproduction-kit/workstation/maven/barancev_webdriver-factory false
    at __node_internal_genericNodeError (node:internal/errors:865:15)
    at checkExecSyncError (node:child_process:890:11)
    at execSync (node:child_process:962:15)
    at execCommand (/media/lsi/HDD/safer/safer-reproduction-kit/safer/src/utils/execCommand.ts:7:5)
    at Object.runMavenBuild (/media/lsi/HDD/safer/safer-reproduction-kit/safer/src/runners/maven/maven-runner.ts:14:5)
    at updateDependenciesInPom (/media/lsi/HDD/safer/safer-reproduction-kit/safer/src/runners/maven/script.ts:119:21)
    at runForMaven (/media/lsi/HDD/safer/safer-reproduction-kit/safer/src/runners/maven/script.ts:73:31)
    at process.processTicksAndRejections (node:internal/process/task_queues:95:5)
    at main (/media/lsi/HDD/safer/safer-reproduction-kit/safer/src/script.ts:101:5) {
  status: 1,
  signal: null,
  output: [ null, null, null ],
  pid: 1462093,
  stdout: null,
  stderr: null
}
Error executing command: Error: Command failed: /media/lsi/HDD/safer/safer-reproduction-kit/safer/src/runners/maven/run-maven-build.sh true /media/lsi/HDD/safer/safer-reproduction-kit/workstation/maven/barancev_webdriver-factory false
    at __node_internal_genericNodeError (node:internal/errors:865:15)
    at checkExecSyncError (node:child_process:890:11)
    at execSync (node:child_process:962:15)
    at execCommand (/media/lsi/HDD/safer/safer-reproduction-kit/safer/src/utils/execCommand.ts:7:5)
    at Object.runMavenBuild (/media/lsi/HDD/safer/safer-reproduction-kit/safer/src/runners/maven/maven-runner.ts:14:5)
    at updateDependenciesInPom (/media/lsi/HDD/safer/safer-reproduction-kit/safer/src/runners/maven/script.ts:119:21)
    at runForMaven (/media/lsi/HDD/safer/safer-reproduction-kit/safer/src/runners/maven/script.ts:73:31)
    at process.processTicksAndRejections (node:internal/process/task_queues:95:5)
    at main (/media/lsi/HDD/safer/safer-reproduction-kit/safer/src/script.ts:101:5) {
  status: 1,
  signal: null,
  output: [ null, null, null ],
  pid: 1462709,
  stdout: null,
  stderr: null
}
Error executing command: Error: Command failed: /media/lsi/HDD/safer/safer-reproduction-kit/safer/src/runners/maven/run-maven-build.sh true /media/lsi/HDD/safer/safer-reproduction-kit/workstation/maven/barancev_webdriver-factory false
    at __node_internal_genericNodeError (node:internal/errors:865:15)
    at checkExecSyncError (node:child_process:890:11)
    at execSync (node:child_process:962:15)
    at execCommand (/media/lsi/HDD/safer/safer-reproduction-kit/safer/src/utils/execCommand.ts:7:5)
    at Object.runMavenBuild (/media/lsi/HDD/safer/safer-reproduction-kit/safer/src/runners/maven/maven-runner.ts:14:5)
    at updateDependenciesInPom (/media/lsi/HDD/safer/safer-reproduction-kit/safer/src/runners/maven/script.ts:119:21)
    at runForMaven (/media/lsi/HDD/safer/safer-reproduction-kit/safer/src/runners/maven/script.ts:73:31)
    at process.processTicksAndRejections (node:internal/process/task_queues:95:5)
    at main (/media/lsi/HDD/safer/safer-reproduction-kit/safer/src/script.ts:101:5) {
  status: 1,
  signal: null,
  output: [ null, null, null ],
  pid: 1463198,
  stdout: null,
  stderr: null
}
Error executing command: Error: Command failed: /media/lsi/HDD/safer/safer-reproduction-kit/safer/src/runners/maven/run-maven-build.sh true /media/lsi/HDD/safer/safer-reproduction-kit/workstation/maven/barancev_webdriver-factory false
    at __node_internal_genericNodeError (node:internal/errors:865:15)
    at checkExecSyncError (node:child_process:890:11)
    at execSync (node:child_process:962:15)
    at execCommand (/media/lsi/HDD/safer/safer-reproduction-kit/safer/src/utils/execCommand.ts:7:5)
    at Object.runMavenBuild (/media/lsi/HDD/safer/safer-reproduction-kit/safer/src/runners/maven/maven-runner.ts:14:5)
    at updateDependenciesInPom (/media/lsi/HDD/safer/safer-reproduction-kit/safer/src/runners/maven/script.ts:119:21)
    at runForMaven (/media/lsi/HDD/safer/safer-reproduction-kit/safer/src/runners/maven/script.ts:73:31)
    at process.processTicksAndRejections (node:internal/process/task_queues:95:5)
    at main (/media/lsi/HDD/safer/safer-reproduction-kit/safer/src/script.ts:101:5) {
  status: 1,
  signal: null,
  output: [ null, null, null ],
  pid: 1463809,
  stdout: null,
  stderr: null
}
Error executing command: Error: Command failed: /media/lsi/HDD/safer/safer-reproduction-kit/safer/src/runners/maven/run-maven-build.sh true /media/lsi/HDD/safer/safer-reproduction-kit/workstation/maven/barancev_webdriver-factory false
    at __node_internal_genericNodeError (node:internal/errors:865:15)
    at checkExecSyncError (node:child_process:890:11)
    at execSync (node:child_process:962:15)
    at execCommand (/media/lsi/HDD/safer/safer-reproduction-kit/safer/src/utils/execCommand.ts:7:5)
    at Object.runMavenBuild (/media/lsi/HDD/safer/safer-reproduction-kit/safer/src/runners/maven/maven-runner.ts:14:5)
    at updateDependenciesInPom (/media/lsi/HDD/safer/safer-reproduction-kit/safer/src/runners/maven/script.ts:119:21)
    at runForMaven (/media/lsi/HDD/safer/safer-reproduction-kit/safer/src/runners/maven/script.ts:73:31)
    at process.processTicksAndRejections (node:internal/process/task_queues:95:5)
    at main (/media/lsi/HDD/safer/safer-reproduction-kit/safer/src/script.ts:101:5) {
  status: 1,
  signal: null,
  output: [ null, null, null ],
  pid: 1464456,
  stdout: null,
  stderr: null
}
Error executing command: Error: Command failed: /media/lsi/HDD/safer/safer-reproduction-kit/safer/src/runners/maven/run-maven-build.sh true /media/lsi/HDD/safer/safer-reproduction-kit/workstation/maven/barancev_webdriver-factory false
    at __node_internal_genericNodeError (node:internal/errors:865:15)
    at checkExecSyncError (node:child_process:890:11)
    at execSync (node:child_process:962:15)
    at execCommand (/media/lsi/HDD/safer/safer-reproduction-kit/safer/src/utils/execCommand.ts:7:5)
    at Object.runMavenBuild (/media/lsi/HDD/safer/safer-reproduction-kit/safer/src/runners/maven/maven-runner.ts:14:5)
    at updateDependenciesInPom (/media/lsi/HDD/safer/safer-reproduction-kit/safer/src/runners/maven/script.ts:119:21)
    at runForMaven (/media/lsi/HDD/safer/safer-reproduction-kit/safer/src/runners/maven/script.ts:73:31)
    at process.processTicksAndRejections (node:internal/process/task_queues:95:5)
    at main (/media/lsi/HDD/safer/safer-reproduction-kit/safer/src/script.ts:101:5) {
  status: 1,
  signal: null,
  output: [ null, null, null ],
  pid: 1465099,
  stdout: null,
  stderr: null
}
Error executing command: Error: Command failed: /media/lsi/HDD/safer/safer-reproduction-kit/safer/src/runners/maven/run-maven-build.sh true /media/lsi/HDD/safer/safer-reproduction-kit/workstation/maven/barancev_webdriver-factory false
    at __node_internal_genericNodeError (node:internal/errors:865:15)
    at checkExecSyncError (node:child_process:890:11)
    at execSync (node:child_process:962:15)
    at execCommand (/media/lsi/HDD/safer/safer-reproduction-kit/safer/src/utils/execCommand.ts:7:5)
    at Object.runMavenBuild (/media/lsi/HDD/safer/safer-reproduction-kit/safer/src/runners/maven/maven-runner.ts:14:5)
    at updateDependenciesInPom (/media/lsi/HDD/safer/safer-reproduction-kit/safer/src/runners/maven/script.ts:119:21)
    at runForMaven (/media/lsi/HDD/safer/safer-reproduction-kit/safer/src/runners/maven/script.ts:73:31)
    at process.processTicksAndRejections (node:internal/process/task_queues:95:5)
    at main (/media/lsi/HDD/safer/safer-reproduction-kit/safer/src/script.ts:101:5) {
  status: 1,
  signal: null,
  output: [ null, null, null ],
  pid: 1465664,
  stdout: null,
  stderr: null
}
Error executing command: Error: Command failed: /media/lsi/HDD/safer/safer-reproduction-kit/safer/src/runners/maven/run-maven-build.sh true /media/lsi/HDD/safer/safer-reproduction-kit/workstation/maven/barancev_webdriver-factory false
    at __node_internal_genericNodeError (node:internal/errors:865:15)
    at checkExecSyncError (node:child_process:890:11)
    at execSync (node:child_process:962:15)
    at execCommand (/media/lsi/HDD/safer/safer-reproduction-kit/safer/src/utils/execCommand.ts:7:5)
    at Object.runMavenBuild (/media/lsi/HDD/safer/safer-reproduction-kit/safer/src/runners/maven/maven-runner.ts:14:5)
    at updateDependenciesInPom (/media/lsi/HDD/safer/safer-reproduction-kit/safer/src/runners/maven/script.ts:119:21)
    at runForMaven (/media/lsi/HDD/safer/safer-reproduction-kit/safer/src/runners/maven/script.ts:73:31)
    at process.processTicksAndRejections (node:internal/process/task_queues:95:5)
    at main (/media/lsi/HDD/safer/safer-reproduction-kit/safer/src/script.ts:101:5) {
  status: 1,
  signal: null,
  output: [ null, null, null ],
  pid: 1466473,
  stdout: null,
  stderr: null
}
Error executing command: Error: Command failed: /media/lsi/HDD/safer/safer-reproduction-kit/safer/src/runners/maven/run-maven-build.sh true /media/lsi/HDD/safer/safer-reproduction-kit/workstation/maven/barancev_webdriver-factory false
    at __node_internal_genericNodeError (node:internal/errors:865:15)
    at checkExecSyncError (node:child_process:890:11)
    at execSync (node:child_process:962:15)
    at execCommand (/media/lsi/HDD/safer/safer-reproduction-kit/safer/src/utils/execCommand.ts:7:5)
    at Object.runMavenBuild (/media/lsi/HDD/safer/safer-reproduction-kit/safer/src/runners/maven/maven-runner.ts:14:5)
    at updateDependenciesInPom (/media/lsi/HDD/safer/safer-reproduction-kit/safer/src/runners/maven/script.ts:119:21)
    at runForMaven (/media/lsi/HDD/safer/safer-reproduction-kit/safer/src/runners/maven/script.ts:73:31)
    at process.processTicksAndRejections (node:internal/process/task_queues:95:5)
    at main (/media/lsi/HDD/safer/safer-reproduction-kit/safer/src/script.ts:101:5) {
  status: 1,
  signal: null,
  output: [ null, null, null ],
  pid: 1467091,
  stdout: null,
  stderr: null
}
Error executing command: Error: Command failed: /media/lsi/HDD/safer/safer-reproduction-kit/safer/src/runners/maven/run-maven-build.sh true /media/lsi/HDD/safer/safer-reproduction-kit/workstation/maven/barancev_webdriver-factory false
    at __node_internal_genericNodeError (node:internal/errors:865:15)
    at checkExecSyncError (node:child_process:890:11)
    at execSync (node:child_process:962:15)
    at execCommand (/media/lsi/HDD/safer/safer-reproduction-kit/safer/src/utils/execCommand.ts:7:5)
    at Object.runMavenBuild (/media/lsi/HDD/safer/safer-reproduction-kit/safer/src/runners/maven/maven-runner.ts:14:5)
    at updateDependenciesInPom (/media/lsi/HDD/safer/safer-reproduction-kit/safer/src/runners/maven/script.ts:119:21)
    at runForMaven (/media/lsi/HDD/safer/safer-reproduction-kit/safer/src/runners/maven/script.ts:73:31)
    at process.processTicksAndRejections (node:internal/process/task_queues:95:5)
    at main (/media/lsi/HDD/safer/safer-reproduction-kit/safer/src/script.ts:101:5) {
  status: 1,
  signal: null,
  output: [ null, null, null ],
  pid: 1467652,
  stdout: null,
  stderr: null
}
Dependency org.junit.jupiter:junit-jupiter-engine not found in POM.
Dependency org.junit.jupiter:junit-jupiter-api not found in POM.
Error executing command: Error: Command failed: /media/lsi/HDD/safer/safer-reproduction-kit/safer/src/runners/maven/run-maven-build.sh true /media/lsi/HDD/safer/safer-reproduction-kit/workstation/maven/barancev_webdriver-factory false
    at __node_internal_genericNodeError (node:internal/errors:865:15)
    at checkExecSyncError (node:child_process:890:11)
    at execSync (node:child_process:962:15)
    at execCommand (/media/lsi/HDD/safer/safer-reproduction-kit/safer/src/utils/execCommand.ts:7:5)
    at Object.runMavenBuild (/media/lsi/HDD/safer/safer-reproduction-kit/safer/src/runners/maven/maven-runner.ts:14:5)
    at updateDependenciesInPom (/media/lsi/HDD/safer/safer-reproduction-kit/safer/src/runners/maven/script.ts:119:21)
    at runForMaven (/media/lsi/HDD/safer/safer-reproduction-kit/safer/src/runners/maven/script.ts:73:31)
    at process.processTicksAndRejections (node:internal/process/task_queues:95:5)
    at main (/media/lsi/HDD/safer/safer-reproduction-kit/safer/src/script.ts:101:5) {
  status: 1,
  signal: null,
  output: [ null, null, null ],
  pid: 1469078,
  stdout: null,
  stderr: null
}
Error executing command: Error: Command failed: /media/lsi/HDD/safer/safer-reproduction-kit/safer/src/runners/maven/run-maven-build.sh true /media/lsi/HDD/safer/safer-reproduction-kit/workstation/maven/barancev_webdriver-factory false
    at __node_internal_genericNodeError (node:internal/errors:865:15)
    at checkExecSyncError (node:child_process:890:11)
    at execSync (node:child_process:962:15)
    at execCommand (/media/lsi/HDD/safer/safer-reproduction-kit/safer/src/utils/execCommand.ts:7:5)
    at Object.runMavenBuild (/media/lsi/HDD/safer/safer-reproduction-kit/safer/src/runners/maven/maven-runner.ts:14:5)
    at updateDependenciesInPom (/media/lsi/HDD/safer/safer-reproduction-kit/safer/src/runners/maven/script.ts:119:21)
    at runForMaven (/media/lsi/HDD/safer/safer-reproduction-kit/safer/src/runners/maven/script.ts:73:31)
    at process.processTicksAndRejections (node:internal/process/task_queues:95:5)
    at main (/media/lsi/HDD/safer/safer-reproduction-kit/safer/src/script.ts:101:5) {
  status: 1,
  signal: null,
  output: [ null, null, null ],
  pid: 1469345,
  stdout: null,
  stderr: null
}
